2025-07-24 16:48:24,082 - INFO - Succesfully read the YAML file
2025-07-24 16:49:11,313 - INFO - Succesfully read the YAML file
2025-07-24 16:49:11,313 - INFO - Data Ingestion Started....
2025-07-24 16:49:11,313 - INFO - Starting Data Ingestion Process....
2025-07-24 16:49:20,387 - ERROR - Error while downloading data from GCP
2025-07-24 16:49:20,388 - ERROR - CustomException : Error in /Users/ridhampuri/Desktop/projectsmlpipelines/Project2/src/data_ingestion.py , line 24 : Failed to download data
2025-07-24 16:49:20,388 - INFO - Data Ingestion DONE...
2025-07-24 16:51:39,531 - INFO - Succesfully read the YAML file
2025-07-24 16:51:39,531 - INFO - Data Ingestion Started....
2025-07-24 16:51:39,531 - INFO - Starting Data Ingestion Process....
2025-07-24 16:51:48,465 - ERROR - Error while downloading data from GCP
2025-07-24 16:51:48,465 - ERROR - CustomException : Error in /Users/ridhampuri/Desktop/projectsmlpipelines/Project2/src/data_ingestion.py , line 24 : Failed to download data
2025-07-24 16:51:48,465 - INFO - Data Ingestion DONE...
2025-07-24 16:57:08,069 - INFO - Succesfully read the YAML file
2025-07-24 16:57:08,069 - INFO - Data Ingestion Started....
2025-07-24 16:57:08,069 - INFO - Starting Data Ingestion Process....
2025-07-24 16:57:17,263 - ERROR - Error while downloading data from GCP
2025-07-24 16:57:17,264 - ERROR - CustomException : Error in /Users/ridhampuri/Desktop/projectsmlpipelines/Project2/src/data_ingestion.py , line 24 : Failed to download data
2025-07-24 16:57:17,264 - INFO - Data Ingestion DONE...
2025-07-24 16:59:09,808 - INFO - Succesfully read the YAML file
2025-07-24 16:59:09,808 - INFO - Data Ingestion Started....
2025-07-24 16:59:09,808 - INFO - Starting Data Ingestion Process....
2025-07-24 16:59:11,311 - INFO - Downloading Smaller Files ie anime and anime_with synopsis
2025-07-24 16:59:12,392 - INFO - Downloading Smaller Files ie anime and anime_with synopsis
2025-07-24 17:00:08,241 - INFO - Large file detected Only downloading 5M rows
2025-07-24 17:00:08,244 - INFO - Data Ingestion Completed...
2025-07-24 17:00:08,244 - INFO - Data Ingestion DONE...
